  StaticTest.cpp
StaticTest.obj : error LNK2001: unresolved external symbol "public: static int Animal::Animals" (?Animals@Animal@@2HA)
C:\Users\jamie\Documents\C++ things\CPPTestingThings\StaticTest unfinished\Debug\StaticTest.exe : fatal error LNK1120: 1 unresolved externals
